<?xml version="1.0" encoding="UTF-8"?>
<!-- Generated by org.testng.reporters.JUnitReportReporter -->
<testsuite skipped="0" hostname="ndi-mb-059" name="androidScreen.HomePage" tests="1" failures="0" timestamp="2021-03-23T02:45:17 IST" time="7.651" errors="0">
  <testcase name="letsShop" time="7.651" classname="androidScreen.HomePage"/>
  <system-out/>
</testsuite> <!-- androidScreen.HomePage -->
