<?xml version="1.0" encoding="UTF-8"?>
<!-- Generated by org.testng.reporters.JUnitReportReporter -->
<testsuite skipped="0" hostname="ndi-mb-059" name="eCommerce.TestHomePage" tests="1" failures="0" timestamp="2021-03-23T14:42:55 IST" time="13.261" errors="0">
  <testcase name="testHomePage" time="13.261" classname="eCommerce.TestHomePage"/>
  <system-out/>
</testsuite> <!-- eCommerce.TestHomePage -->
