<?xml version="1.0" encoding="UTF-8"?>
<!-- Generated by org.testng.reporters.JUnitReportReporter -->
<testsuite skipped="0" hostname="ndi-mb-059" name="eCommerce.TestAddToCart" tests="1" failures="0" timestamp="2021-03-23T13:26:10 IST" time="27.019" errors="0">
  <testcase name="testMessage" time="27.019" classname="eCommerce.TestAddToCart"/>
  <system-out/>
</testsuite> <!-- eCommerce.TestAddToCart -->
