<?xml version="1.0" encoding="UTF-8"?>
<!-- Generated by org.testng.reporters.JUnitReportReporter -->
<testsuite skipped="0" hostname="ndi-mb-059" name="androidScreen.shoppingList" tests="1" failures="0" timestamp="2021-03-23T04:02:23 IST" time="22.795" errors="0">
  <testcase name="addTocart" time="22.795" classname="androidScreen.shoppingList"/>
  <system-out/>
</testsuite> <!-- androidScreen.shoppingList -->
