<?xml version="1.0" encoding="UTF-8"?>
<!-- Generated by org.testng.reporters.JUnitReportReporter -->
<testsuite skipped="0" hostname="ndi-mb-059" name="TestPicker" tests="1" failures="0" timestamp="2021-03-23T12:50:38 IST" time="16.021" errors="0">
  <testcase name="testPicker" time="16.021" classname="TestPicker"/>
  <system-out/>
</testsuite> <!-- TestPicker -->
