<?xml version="1.0" encoding="UTF-8"?>
<!-- Generated by org.testng.reporters.JUnitReportReporter -->
<testsuite skipped="0" hostname="ndi-mb-059" name="TestBaseClass" tests="1" failures="0" timestamp="2021-03-23T12:11:11 IST" time="18.635" errors="0">
  <testcase name="test" time="18.635" classname="TestBaseClass"/>
  <system-out/>
</testsuite> <!-- TestBaseClass -->
